<?xml version="1.0" encoding="UTF-8"?>
<!-- Generated by org.testng.reporters.JUnitReportReporter -->
<testsuite hostname="DESKTOP-KEPO148" name="testng.TestNgFirstClass" tests="1" failures="0" timestamp="9 Jul 2021 13:52:55 GMT" time="0.038" errors="0">
  <testcase name="login1" time="0.038" classname="testng.TestNgFirstClass"/>
</testsuite> <!-- testng.TestNgFirstClass -->
