<?xml version="1.0" encoding="UTF-8"?>
<!-- Generated by org.testng.reporters.JUnitReportReporter -->
<testsuite hostname="DESKTOP-KEPO148" name="testngdisscussion.DataTest" tests="1" failures="0" timestamp="1 Jul 2021 08:38:16 GMT" time="0.037" errors="0">
  <testcase name="setup3" time="0.037" classname="testngdisscussion.DataTest"/>
</testsuite> <!-- testngdisscussion.DataTest -->
