<?xml version="1.0" encoding="UTF-8"?>
<!-- Generated by org.testng.reporters.JUnitReportReporter -->
<testsuite hostname="DESKTOP-KEPO148" name="testng.Example2Parallel" tests="1" failures="0" timestamp="16 Jul 2021 05:58:10 GMT" time="0.000" errors="0">
  <testcase name="TC2" time="0.000" classname="testng.Example2Parallel"/>
</testsuite> <!-- testng.Example2Parallel -->
