<?xml version="1.0" encoding="UTF-8"?>
<!-- Generated by org.testng.reporters.JUnitReportReporter -->
<testsuite hostname="DESKTOP-KEPO148" name="testng.TestNGSecondClass" tests="4" failures="0" timestamp="9 Jul 2021 13:59:08 GMT" time="0.032" errors="0">
  <testcase name="login" time="0.000" classname="testng.TestNGSecondClass"/>
  <testcase name="login" time="0.000" classname="testng.TestNGSecondClass"/>
  <testcase name="homepage" time="0.032" classname="testng.TestNGSecondClass"/>
  <testcase name="login" time="0.000" classname="testng.TestNGSecondClass"/>
</testsuite> <!-- testng.TestNGSecondClass -->
