<?xml version="1.0" encoding="UTF-8"?>
<!-- Generated by org.testng.reporters.JUnitReportReporter -->
<testsuite hostname="DESKTOP-KEPO148" name="open_browser.Flipkart" tests="1" failures="0" timestamp="29 Jun 2021 11:06:17 GMT" time="0.009" errors="0">
  <testcase name="m1" time="0.009" classname="open_browser.Flipkart"/>
</testsuite> <!-- open_browser.Flipkart -->
