<?xml version="1.0" encoding="UTF-8"?>
<!-- Generated by org.testng.reporters.JUnitReportReporter -->
<testsuite hostname="DESKTOP-KEPO148" name="testng.MultiBrowserTesting" tests="2" failures="0" timestamp="17 Jul 2021 05:41:58 GMT" time="29.650" errors="0">
  <testcase name="TC" time="17.342" classname="testng.MultiBrowserTesting"/>
  <testcase name="TC" time="12.308" classname="testng.MultiBrowserTesting"/>
</testsuite> <!-- testng.MultiBrowserTesting -->
